ParcialSergioRisposi2/MyApplication/app/build/intermediates/manifest_merge_blame_file/debug/manifest-merger-blame-debug-report.txt
1<?xml version="1.0" encoding="utf-8"?>
2<manifest xmlns:android="http://schemas.android.com/apk/res/android"
3    package="com.example.myapplication"
4    android:versionCode="1"
5    android:versionName="1.0" >
6
7    <uses-sdk
8        android:minSdkVersion="24"
8-->src\main\AndroidManifest.xml
9        android:targetSdkVersion="29" />
9-->src\main\AndroidManifest.xml
10
11    <application
11-->src\main\AndroidManifest.xml:5:5-35:19
12        android:allowBackup="true"
12-->src\main\AndroidManifest.xml:6:9-35
13        android:appComponentFactory="android.support.v4.app.CoreComponentFactory"
13-->[com.android.support:support-compat:28.0.0] AndroidManifest.xml:22:18-91
14        android:debuggable="true"
15        android:extractNativeLibs="false"
16        android:icon="@mipmap/ic_launcher"
16-->src\main\AndroidManifest.xml:7:9-43
17        android:label="splash"
17-->src\main\AndroidManifest.xml:8:9-31
18        android:roundIcon="@mipmap/ic_launcher_round"
18-->src\main\AndroidManifest.xml:9:9-54
19        android:supportsRtl="true"
19-->src\main\AndroidManifest.xml:10:9-35
20        android:theme="@style/AppTheme" >
20-->src\main\AndroidManifest.xml:11:9-40
21        <activity android:name="com.example.myapplication.ayudaPaginaPrincipal" />
21-->src\main\AndroidManifest.xml:12:9-67
21-->src\main\AndroidManifest.xml:12:19-55
22        <activity android:name="com.example.myapplication.ayudaQuienSoy" />
22-->src\main\AndroidManifest.xml:13:9-51
22-->src\main\AndroidManifest.xml:13:19-48
23        <activity android:name="com.example.myapplication.ayudaContador" />
23-->src\main\AndroidManifest.xml:14:9-51
23-->src\main\AndroidManifest.xml:14:19-48
24        <activity android:name="com.example.myapplication.adivinaNumero" />
24-->src\main\AndroidManifest.xml:15:9-51
24-->src\main\AndroidManifest.xml:15:19-48
25        <activity android:name="com.example.myapplication.contador" />
25-->src\main\AndroidManifest.xml:16:9-46
25-->src\main\AndroidManifest.xml:16:19-43
26        <activity android:name="com.example.myapplication.quienSoy" />
26-->src\main\AndroidManifest.xml:17:9-46
26-->src\main\AndroidManifest.xml:17:19-43
27        <activity android:name="com.example.myapplication.registro" >
27-->src\main\AndroidManifest.xml:18:9-24:20
27-->src\main\AndroidManifest.xml:18:19-43
28            <intent-filter>
28-->src\main\AndroidManifest.xml:19:13-23:29
29                <action android:name="android.intent.action.MAIN" />
29-->src\main\AndroidManifest.xml:20:17-69
29-->src\main\AndroidManifest.xml:20:25-66
30
31                <category android:name="android.intent.category.LAUNCHER" />
31-->src\main\AndroidManifest.xml:22:17-77
31-->src\main\AndroidManifest.xml:22:27-74
32            </intent-filter>
33        </activity>
34        <activity android:name="com.example.myapplication.Activityloguear" />
34-->src\main\AndroidManifest.xml:25:9-53
34-->src\main\AndroidManifest.xml:25:19-50
35        <activity
35-->src\main\AndroidManifest.xml:26:9-34:20
36            android:name="com.example.myapplication.MainActivity"
36-->src\main\AndroidManifest.xml:27:13-41
37            android:theme="@style/SplashTheme" >
37-->src\main\AndroidManifest.xml:28:13-47
38            <intent-filter>
38-->src\main\AndroidManifest.xml:19:13-23:29
39                <action android:name="android.intent.action.MAIN" />
39-->src\main\AndroidManifest.xml:20:17-69
39-->src\main\AndroidManifest.xml:20:25-66
40
41                <category android:name="android.intent.category.LAUNCHER" />
41-->src\main\AndroidManifest.xml:22:17-77
41-->src\main\AndroidManifest.xml:22:27-74
42            </intent-filter>
43        </activity>
44    </application>
45
46</manifest>